<?xml version="1.0" encoding="UTF-8"?>
<!-- Generated by org.testng.reporters.JUnitReportReporter -->
<testsuite hostname="LAPTOP-GAUPM6CM" failures="0" tests="4" name="testscripts.regression.ValidateLoginUsingDataProvider" time="41.613" errors="0" timestamp="2023-05-10T11:44:45 IST" skipped="0">
  <testcase classname="testscripts.regression.ValidateLoginUsingDataProvider" name="validateLoginTest" time="13.317"/>
  <system-out/>
  <testcase classname="testscripts.regression.ValidateLoginUsingDataProvider" name="validateLoginTest" time="9.467"/>
  <system-out/>
  <testcase classname="testscripts.regression.ValidateLoginUsingDataProvider" name="validateLoginTest" time="9.427"/>
  <system-out/>
  <testcase classname="testscripts.regression.ValidateLoginUsingDataProvider" name="validateLoginTest" time="9.402"/>
  <system-out/>
</testsuite> <!-- testscripts.regression.ValidateLoginUsingDataProvider -->
