<?xml version="1.0" encoding="UTF-8"?>
<!-- Generated by org.testng.reporters.JUnitReportReporter -->
<testsuite hostname="LAPTOP-GAUPM6CM" failures="0" tests="1" name="testscripts.regression.ValidateRegistration" time="12.205" errors="0" timestamp="2023-05-11T11:25:58 IST" skipped="0">
  <testcase classname="testscripts.regression.ValidateRegistration" name="registrationTest" time="12.205"/>
  <system-out/>
</testsuite> <!-- testscripts.regression.ValidateRegistration -->
